[2025-12-06T12:53:55.189+0000] {manager.py:486} INFO - Processing files using up to 2 processes at a time 
[2025-12-06T12:53:55.190+0000] {manager.py:487} INFO - Process each file at most once every 30 seconds
[2025-12-06T12:53:55.190+0000] {manager.py:488} INFO - Checking for new files in /opt/airflow/dags every 300 seconds
[2025-12-06T12:53:55.191+0000] {manager.py:832} INFO - Searching for files in /opt/airflow/dags
[2025-12-06T12:53:55.203+0000] {manager.py:835} INFO - There are 1 files in /opt/airflow/dags
[2025-12-06T12:53:55.406+0000] {manager.py:1008} INFO - 
================================================================================
DAG File Processing Stats

File Path                               PID  Runtime      # DAGs    # Errors  Last Runtime    Last Run      Last # of DB Queries
------------------------------------  -----  ---------  --------  ----------  --------------  ----------  ----------------------
/opt/airflow/dags/elt_aml_project.py     87  0.07s             0           0                                                   0
================================================================================
[2025-12-06T12:54:27.296+0000] {manager.py:1008} INFO - 
================================================================================
DAG File Processing Stats

File Path                               PID  Runtime      # DAGs    # Errors  Last Runtime    Last Run               Last # of DB Queries
------------------------------------  -----  ---------  --------  ----------  --------------  -------------------  ----------------------
/opt/airflow/dags/elt_aml_project.py     94  0.08s             0           1  0.57s           2025-12-06T12:53:55                       3
================================================================================
[2025-12-06T12:54:58.857+0000] {manager.py:1008} INFO - 
================================================================================
DAG File Processing Stats

File Path                               PID  Runtime      # DAGs    # Errors  Last Runtime    Last Run               Last # of DB Queries
------------------------------------  -----  ---------  --------  ----------  --------------  -------------------  ----------------------
/opt/airflow/dags/elt_aml_project.py    101  0.01s             0           1  0.71s           2025-12-06T12:54:27                       5
================================================================================
[2025-12-06T12:55:29.693+0000] {manager.py:1008} INFO - 
================================================================================
DAG File Processing Stats

File Path                             PID    Runtime      # DAGs    # Errors  Last Runtime    Last Run               Last # of DB Queries
------------------------------------  -----  ---------  --------  ----------  --------------  -------------------  ----------------------
/opt/airflow/dags/elt_aml_project.py                           0           1  0.30s           2025-12-06T12:55:29                       5
================================================================================
[2025-12-06T12:56:00.324+0000] {manager.py:1008} INFO - 
================================================================================
DAG File Processing Stats

File Path                               PID  Runtime      # DAGs    # Errors  Last Runtime    Last Run               Last # of DB Queries
------------------------------------  -----  ---------  --------  ----------  --------------  -------------------  ----------------------
/opt/airflow/dags/elt_aml_project.py    115  0.01s             0           1  0.30s           2025-12-06T12:55:29                       5
================================================================================
[2025-12-06T12:56:31.774+0000] {manager.py:1008} INFO - 
================================================================================
DAG File Processing Stats

File Path                             PID    Runtime      # DAGs    # Errors  Last Runtime    Last Run               Last # of DB Queries
------------------------------------  -----  ---------  --------  ----------  --------------  -------------------  ----------------------
/opt/airflow/dags/elt_aml_project.py                           0           1  0.10s           2025-12-06T12:56:30                       5
================================================================================
[2025-12-06T12:57:04.960+0000] {manager.py:1008} INFO - 
================================================================================
DAG File Processing Stats

File Path                             PID    Runtime      # DAGs    # Errors  Last Runtime    Last Run               Last # of DB Queries
------------------------------------  -----  ---------  --------  ----------  --------------  -------------------  ----------------------
/opt/airflow/dags/elt_aml_project.py                           0           1  0.21s           2025-12-06T12:57:01                       5
================================================================================
[2025-12-06T12:57:36.013+0000] {manager.py:1008} INFO - 
================================================================================
DAG File Processing Stats

File Path                             PID    Runtime      # DAGs    # Errors  Last Runtime    Last Run               Last # of DB Queries
------------------------------------  -----  ---------  --------  ----------  --------------  -------------------  ----------------------
/opt/airflow/dags/elt_aml_project.py                           0           1  0.10s           2025-12-06T12:57:31                       5
================================================================================
[2025-12-06T12:58:06.940+0000] {manager.py:1008} INFO - 
================================================================================
DAG File Processing Stats

File Path                             PID    Runtime      # DAGs    # Errors  Last Runtime    Last Run               Last # of DB Queries
------------------------------------  -----  ---------  --------  ----------  --------------  -------------------  ----------------------
/opt/airflow/dags/elt_aml_project.py                           0           1  0.16s           2025-12-06T12:58:03                       5
================================================================================
[2025-12-06T12:58:40.043+0000] {manager.py:1008} INFO - 
================================================================================
DAG File Processing Stats

File Path                             PID    Runtime      # DAGs    # Errors  Last Runtime    Last Run               Last # of DB Queries
------------------------------------  -----  ---------  --------  ----------  --------------  -------------------  ----------------------
/opt/airflow/dags/elt_aml_project.py                           0           1  0.16s           2025-12-06T12:58:34                       5
================================================================================
[2025-12-06T12:58:55.961+0000] {manager.py:832} INFO - Searching for files in /opt/airflow/dags
[2025-12-06T12:58:55.999+0000] {manager.py:835} INFO - There are 1 files in /opt/airflow/dags
[2025-12-06T12:59:11.211+0000] {manager.py:1008} INFO - 
================================================================================
DAG File Processing Stats

File Path                             PID    Runtime      # DAGs    # Errors  Last Runtime    Last Run               Last # of DB Queries
------------------------------------  -----  ---------  --------  ----------  --------------  -------------------  ----------------------
/opt/airflow/dags/elt_aml_project.py                           0           1  0.08s           2025-12-06T12:59:04                       5
================================================================================
[2025-12-06T12:59:44.287+0000] {manager.py:1008} INFO - 
================================================================================
DAG File Processing Stats

File Path                             PID    Runtime      # DAGs    # Errors  Last Runtime    Last Run               Last # of DB Queries
------------------------------------  -----  ---------  --------  ----------  --------------  -------------------  ----------------------
/opt/airflow/dags/elt_aml_project.py                           0           1  0.11s           2025-12-06T12:59:35                       5
================================================================================
[2025-12-06T13:00:17.451+0000] {manager.py:1008} INFO - 
================================================================================
DAG File Processing Stats

File Path                             PID    Runtime      # DAGs    # Errors  Last Runtime    Last Run               Last # of DB Queries
------------------------------------  -----  ---------  --------  ----------  --------------  -------------------  ----------------------
/opt/airflow/dags/elt_aml_project.py                           0           1  0.23s           2025-12-06T13:00:06                       5
================================================================================
[2025-12-06T13:00:48.850+0000] {manager.py:1008} INFO - 
================================================================================
DAG File Processing Stats

File Path                             PID    Runtime      # DAGs    # Errors  Last Runtime    Last Run               Last # of DB Queries
------------------------------------  -----  ---------  --------  ----------  --------------  -------------------  ----------------------
/opt/airflow/dags/elt_aml_project.py                           0           1  0.10s           2025-12-06T13:00:36                       5
================================================================================
[2025-12-06T13:01:20.116+0000] {manager.py:1008} INFO - 
================================================================================
DAG File Processing Stats

File Path                             PID    Runtime      # DAGs    # Errors  Last Runtime    Last Run               Last # of DB Queries
------------------------------------  -----  ---------  --------  ----------  --------------  -------------------  ----------------------
/opt/airflow/dags/elt_aml_project.py                           0           1  0.43s           2025-12-06T13:01:07                       5
================================================================================
[2025-12-06T13:01:51.633+0000] {manager.py:1008} INFO - 
================================================================================
DAG File Processing Stats

File Path                             PID    Runtime      # DAGs    # Errors  Last Runtime    Last Run               Last # of DB Queries
------------------------------------  -----  ---------  --------  ----------  --------------  -------------------  ----------------------
/opt/airflow/dags/elt_aml_project.py                           0           1  0.11s           2025-12-06T13:01:37                       5
================================================================================
[2025-12-06T13:02:15.006+0000] {manager.py:468} INFO - Exiting gracefully upon receiving signal 15
[2025-12-06T13:04:49.824+0000] {manager.py:486} INFO - Processing files using up to 2 processes at a time 
[2025-12-06T13:04:50.281+0000] {manager.py:487} INFO - Process each file at most once every 30 seconds
[2025-12-06T13:04:50.286+0000] {manager.py:488} INFO - Checking for new files in /opt/airflow/dags every 300 seconds
[2025-12-06T13:04:50.288+0000] {manager.py:832} INFO - Searching for files in /opt/airflow/dags
[2025-12-06T13:04:50.753+0000] {manager.py:835} INFO - There are 1 files in /opt/airflow/dags
[2025-12-06T13:04:52.905+0000] {manager.py:1008} INFO - 
================================================================================
DAG File Processing Stats

File Path                               PID  Runtime      # DAGs    # Errors  Last Runtime    Last Run      Last # of DB Queries
------------------------------------  -----  ---------  --------  ----------  --------------  ----------  ----------------------
/opt/airflow/dags/elt_aml_project.py     91  1.03s             0           0                                                   0
================================================================================
[2025-12-06T13:05:24.185+0000] {manager.py:1008} INFO - 
================================================================================
DAG File Processing Stats

File Path                             PID    Runtime      # DAGs    # Errors  Last Runtime    Last Run               Last # of DB Queries
------------------------------------  -----  ---------  --------  ----------  --------------  -------------------  ----------------------
/opt/airflow/dags/elt_aml_project.py                           0           1  2.67s           2025-12-06T13:04:54                       3
================================================================================
[2025-12-06T13:05:56.160+0000] {manager.py:1008} INFO - 
================================================================================
DAG File Processing Stats

File Path                               PID  Runtime      # DAGs    # Errors  Last Runtime    Last Run               Last # of DB Queries
------------------------------------  -----  ---------  --------  ----------  --------------  -------------------  ----------------------
/opt/airflow/dags/elt_aml_project.py    104  0.01s             0           1  0.88s           2025-12-06T13:05:25                       5
================================================================================
[2025-12-06T13:06:26.927+0000] {manager.py:1008} INFO - 
================================================================================
DAG File Processing Stats

File Path                             PID    Runtime      # DAGs    # Errors  Last Runtime    Last Run               Last # of DB Queries
------------------------------------  -----  ---------  --------  ----------  --------------  -------------------  ----------------------
/opt/airflow/dags/elt_aml_project.py                           0           1  2.54s           2025-12-06T13:05:58                       5
================================================================================
[2025-12-06T13:06:47.490+0000] {manager.py:468} INFO - Exiting gracefully upon receiving signal 15
[2025-12-06T13:09:44.619+0000] {manager.py:486} INFO - Processing files using up to 2 processes at a time 
[2025-12-06T13:09:44.681+0000] {manager.py:487} INFO - Process each file at most once every 30 seconds
[2025-12-06T13:09:44.684+0000] {manager.py:488} INFO - Checking for new files in /opt/airflow/dags every 300 seconds
[2025-12-06T13:09:44.700+0000] {manager.py:832} INFO - Searching for files in /opt/airflow/dags
[2025-12-06T13:09:45.042+0000] {manager.py:835} INFO - There are 1 files in /opt/airflow/dags
[2025-12-06T13:09:53.408+0000] {manager.py:1008} INFO - 
================================================================================
DAG File Processing Stats

File Path                               PID  Runtime      # DAGs    # Errors  Last Runtime    Last Run      Last # of DB Queries
------------------------------------  -----  ---------  --------  ----------  --------------  ----------  ----------------------
/opt/airflow/dags/elt_aml_project.py     89  1.09s             0           0                                                   0
================================================================================
[2025-12-06T13:10:25.078+0000] {manager.py:1008} INFO - 
================================================================================
DAG File Processing Stats

File Path                             PID    Runtime      # DAGs    # Errors  Last Runtime    Last Run               Last # of DB Queries
------------------------------------  -----  ---------  --------  ----------  --------------  -------------------  ----------------------
/opt/airflow/dags/elt_aml_project.py                           0           1  0.28s           2025-12-06T13:10:24                       5
================================================================================
[2025-12-06T13:10:56.761+0000] {manager.py:1008} INFO - 
================================================================================
DAG File Processing Stats

File Path                             PID    Runtime      # DAGs    # Errors  Last Runtime    Last Run               Last # of DB Queries
------------------------------------  -----  ---------  --------  ----------  --------------  -------------------  ----------------------
/opt/airflow/dags/elt_aml_project.py                           0           1  0.20s           2025-12-06T13:10:54                       5
================================================================================
[2025-12-06T13:11:27.768+0000] {manager.py:1008} INFO - 
================================================================================
DAG File Processing Stats

File Path                             PID    Runtime      # DAGs    # Errors  Last Runtime    Last Run               Last # of DB Queries
------------------------------------  -----  ---------  --------  ----------  --------------  -------------------  ----------------------
/opt/airflow/dags/elt_aml_project.py                           0           1  0.11s           2025-12-06T13:11:25                       5
================================================================================
[2025-12-06T13:11:58.848+0000] {manager.py:1008} INFO - 
================================================================================
DAG File Processing Stats

File Path                             PID    Runtime      # DAGs    # Errors  Last Runtime    Last Run               Last # of DB Queries
------------------------------------  -----  ---------  --------  ----------  --------------  -------------------  ----------------------
/opt/airflow/dags/elt_aml_project.py                           0           1  0.33s           2025-12-06T13:11:57                       5
================================================================================
[2025-12-06T13:12:30.230+0000] {manager.py:1008} INFO - 
================================================================================
DAG File Processing Stats

File Path                             PID    Runtime      # DAGs    # Errors  Last Runtime    Last Run               Last # of DB Queries
------------------------------------  -----  ---------  --------  ----------  --------------  -------------------  ----------------------
/opt/airflow/dags/elt_aml_project.py                           0           1  0.09s           2025-12-06T13:12:27                       5
================================================================================
[2025-12-06T13:13:01.495+0000] {manager.py:1008} INFO - 
================================================================================
DAG File Processing Stats

File Path                             PID    Runtime      # DAGs    # Errors  Last Runtime    Last Run               Last # of DB Queries
------------------------------------  -----  ---------  --------  ----------  --------------  -------------------  ----------------------
/opt/airflow/dags/elt_aml_project.py                           0           1  0.30s           2025-12-06T13:12:58                       5
================================================================================
[2025-12-06T13:13:34.746+0000] {manager.py:1008} INFO - 
================================================================================
DAG File Processing Stats

File Path                             PID    Runtime      # DAGs    # Errors  Last Runtime    Last Run               Last # of DB Queries
------------------------------------  -----  ---------  --------  ----------  --------------  -------------------  ----------------------
/opt/airflow/dags/elt_aml_project.py                           0           1  0.21s           2025-12-06T13:13:30                       5
================================================================================
[2025-12-06T13:14:06.035+0000] {manager.py:1008} INFO - 
================================================================================
DAG File Processing Stats

File Path                             PID    Runtime      # DAGs    # Errors  Last Runtime    Last Run               Last # of DB Queries
------------------------------------  -----  ---------  --------  ----------  --------------  -------------------  ----------------------
/opt/airflow/dags/elt_aml_project.py                           0           1  0.14s           2025-12-06T13:14:01                       5
================================================================================
[2025-12-06T13:14:37.408+0000] {manager.py:1008} INFO - 
================================================================================
DAG File Processing Stats

File Path                             PID    Runtime      # DAGs    # Errors  Last Runtime    Last Run               Last # of DB Queries
------------------------------------  -----  ---------  --------  ----------  --------------  -------------------  ----------------------
/opt/airflow/dags/elt_aml_project.py                           0           1  0.10s           2025-12-06T13:14:32                       5
================================================================================
[2025-12-06T13:14:45.457+0000] {manager.py:832} INFO - Searching for files in /opt/airflow/dags
[2025-12-06T13:14:45.488+0000] {manager.py:835} INFO - There are 1 files in /opt/airflow/dags
[2025-12-06T13:15:08.681+0000] {manager.py:1008} INFO - 
================================================================================
DAG File Processing Stats

File Path                             PID    Runtime      # DAGs    # Errors  Last Runtime    Last Run               Last # of DB Queries
------------------------------------  -----  ---------  --------  ----------  --------------  -------------------  ----------------------
/opt/airflow/dags/elt_aml_project.py                           0           1  0.19s           2025-12-06T13:15:03                       5
================================================================================
[2025-12-06T13:15:39.614+0000] {manager.py:1008} INFO - 
================================================================================
DAG File Processing Stats

File Path                             PID    Runtime      # DAGs    # Errors  Last Runtime    Last Run               Last # of DB Queries
------------------------------------  -----  ---------  --------  ----------  --------------  -------------------  ----------------------
/opt/airflow/dags/elt_aml_project.py                           0           1  0.11s           2025-12-06T13:15:34                       5
================================================================================
[2025-12-06T13:16:12.681+0000] {manager.py:1008} INFO - 
================================================================================
DAG File Processing Stats

File Path                             PID    Runtime      # DAGs    # Errors  Last Runtime    Last Run               Last # of DB Queries
------------------------------------  -----  ---------  --------  ----------  --------------  -------------------  ----------------------
/opt/airflow/dags/elt_aml_project.py                           0           1  0.11s           2025-12-06T13:16:06                       5
================================================================================
[2025-12-06T13:16:45.690+0000] {manager.py:1008} INFO - 
================================================================================
DAG File Processing Stats

File Path                             PID    Runtime      # DAGs    # Errors  Last Runtime    Last Run               Last # of DB Queries
------------------------------------  -----  ---------  --------  ----------  --------------  -------------------  ----------------------
/opt/airflow/dags/elt_aml_project.py                           0           1  0.14s           2025-12-06T13:16:39                       5
================================================================================
[2025-12-06T13:17:16.904+0000] {manager.py:1008} INFO - 
================================================================================
DAG File Processing Stats

File Path                             PID    Runtime      # DAGs    # Errors  Last Runtime    Last Run               Last # of DB Queries
------------------------------------  -----  ---------  --------  ----------  --------------  -------------------  ----------------------
/opt/airflow/dags/elt_aml_project.py                           0           1  0.08s           2025-12-06T13:17:09                       5
================================================================================
[2025-12-06T13:17:47.871+0000] {manager.py:1008} INFO - 
================================================================================
DAG File Processing Stats

File Path                             PID    Runtime      # DAGs    # Errors  Last Runtime    Last Run               Last # of DB Queries
------------------------------------  -----  ---------  --------  ----------  --------------  -------------------  ----------------------
/opt/airflow/dags/elt_aml_project.py                           0           1  0.17s           2025-12-06T13:17:40                       5
================================================================================
[2025-12-06T13:18:19.561+0000] {manager.py:1008} INFO - 
================================================================================
DAG File Processing Stats

File Path                             PID    Runtime      # DAGs    # Errors  Last Runtime    Last Run               Last # of DB Queries
------------------------------------  -----  ---------  --------  ----------  --------------  -------------------  ----------------------
/opt/airflow/dags/elt_aml_project.py                           0           1  0.28s           2025-12-06T13:18:12                       5
================================================================================
[2025-12-06T13:18:44.367+0000] {manager.py:468} INFO - Exiting gracefully upon receiving signal 15
[2025-12-06T13:29:02.745+0000] {manager.py:486} INFO - Processing files using up to 2 processes at a time 
[2025-12-06T13:29:02.792+0000] {manager.py:487} INFO - Process each file at most once every 30 seconds
[2025-12-06T13:29:02.793+0000] {manager.py:488} INFO - Checking for new files in /opt/airflow/dags every 300 seconds
[2025-12-06T13:29:02.794+0000] {manager.py:832} INFO - Searching for files in /opt/airflow/dags
[2025-12-06T13:29:02.854+0000] {manager.py:835} INFO - There are 1 files in /opt/airflow/dags
[2025-12-06T13:29:03.437+0000] {manager.py:1008} INFO - 
================================================================================
DAG File Processing Stats

File Path                               PID  Runtime      # DAGs    # Errors  Last Runtime    Last Run      Last # of DB Queries
------------------------------------  -----  ---------  --------  ----------  --------------  ----------  ----------------------
/opt/airflow/dags/elt_aml_project.py     85  0.26s             0           0                                                   0
================================================================================
[2025-12-06T13:29:34.389+0000] {manager.py:1008} INFO - 
================================================================================
DAG File Processing Stats

File Path                               PID  Runtime      # DAGs    # Errors  Last Runtime    Last Run               Last # of DB Queries
------------------------------------  -----  ---------  --------  ----------  --------------  -------------------  ----------------------
/opt/airflow/dags/elt_aml_project.py     92  0.00s             0           1  0.44s           2025-12-06T13:29:03                       3
================================================================================
[2025-12-06T13:30:05.301+0000] {manager.py:1008} INFO - 
================================================================================
DAG File Processing Stats

File Path                               PID  Runtime      # DAGs    # Errors  Last Runtime    Last Run               Last # of DB Queries
------------------------------------  -----  ---------  --------  ----------  --------------  -------------------  ----------------------
/opt/airflow/dags/elt_aml_project.py     99  0.00s             0           1  0.20s           2025-12-06T13:29:34                       5
================================================================================
[2025-12-06T13:30:36.684+0000] {manager.py:1008} INFO - 
================================================================================
DAG File Processing Stats

File Path                             PID    Runtime      # DAGs    # Errors  Last Runtime    Last Run               Last # of DB Queries
------------------------------------  -----  ---------  --------  ----------  --------------  -------------------  ----------------------
/opt/airflow/dags/elt_aml_project.py                           0           1  0.16s           2025-12-06T13:30:35                       5
================================================================================
[2025-12-06T13:31:07.929+0000] {manager.py:1008} INFO - 
================================================================================
DAG File Processing Stats

File Path                             PID    Runtime      # DAGs    # Errors  Last Runtime    Last Run               Last # of DB Queries
------------------------------------  -----  ---------  --------  ----------  --------------  -------------------  ----------------------
/opt/airflow/dags/elt_aml_project.py                           0           1  0.15s           2025-12-06T13:31:06                       5
================================================================================
[2025-12-06T13:31:38.818+0000] {manager.py:1008} INFO - 
================================================================================
DAG File Processing Stats

File Path                             PID    Runtime      # DAGs    # Errors  Last Runtime    Last Run               Last # of DB Queries
------------------------------------  -----  ---------  --------  ----------  --------------  -------------------  ----------------------
/opt/airflow/dags/elt_aml_project.py                           0           1  0.08s           2025-12-06T13:31:36                       5
================================================================================
[2025-12-06T13:32:09.614+0000] {manager.py:1008} INFO - 
================================================================================
DAG File Processing Stats

File Path                             PID    Runtime      # DAGs    # Errors  Last Runtime    Last Run               Last # of DB Queries
------------------------------------  -----  ---------  --------  ----------  --------------  -------------------  ----------------------
/opt/airflow/dags/elt_aml_project.py                           0           1  0.09s           2025-12-06T13:32:07                       5
================================================================================
[2025-12-06T13:32:23.809+0000] {manager.py:468} INFO - Exiting gracefully upon receiving signal 15
[2025-12-06T13:34:11.786+0000] {manager.py:486} INFO - Processing files using up to 2 processes at a time 
[2025-12-06T13:34:11.817+0000] {manager.py:487} INFO - Process each file at most once every 30 seconds
[2025-12-06T13:34:11.819+0000] {manager.py:488} INFO - Checking for new files in /opt/airflow/dags every 300 seconds
[2025-12-06T13:34:11.820+0000] {manager.py:832} INFO - Searching for files in /opt/airflow/dags
[2025-12-06T13:34:11.944+0000] {manager.py:835} INFO - There are 1 files in /opt/airflow/dags
[2025-12-06T13:34:12.354+0000] {manager.py:1008} INFO - 
================================================================================
DAG File Processing Stats

File Path                               PID  Runtime      # DAGs    # Errors  Last Runtime    Last Run      Last # of DB Queries
------------------------------------  -----  ---------  --------  ----------  --------------  ----------  ----------------------
/opt/airflow/dags/elt_aml_project.py     86  0.13s             0           0                                                   0
================================================================================
[2025-12-06T13:34:45.793+0000] {manager.py:1008} INFO - 
================================================================================
DAG File Processing Stats

File Path                             PID    Runtime      # DAGs    # Errors  Last Runtime    Last Run               Last # of DB Queries
------------------------------------  -----  ---------  --------  ----------  --------------  -------------------  ----------------------
/opt/airflow/dags/elt_aml_project.py                           0           1  0.27s           2025-12-06T13:34:43                       5
================================================================================
[2025-12-06T13:35:16.814+0000] {manager.py:1008} INFO - 
================================================================================
DAG File Processing Stats

File Path                             PID    Runtime      # DAGs    # Errors  Last Runtime    Last Run               Last # of DB Queries
------------------------------------  -----  ---------  --------  ----------  --------------  -------------------  ----------------------
/opt/airflow/dags/elt_aml_project.py                           0           1  0.16s           2025-12-06T13:35:13                       5
================================================================================
[2025-12-06T13:35:47.762+0000] {manager.py:1008} INFO - 
================================================================================
DAG File Processing Stats

File Path                             PID    Runtime      # DAGs    # Errors  Last Runtime    Last Run               Last # of DB Queries
------------------------------------  -----  ---------  --------  ----------  --------------  -------------------  ----------------------
/opt/airflow/dags/elt_aml_project.py                           0           1  0.09s           2025-12-06T13:35:44                       5
================================================================================
[2025-12-06T13:36:19.128+0000] {manager.py:1008} INFO - 
================================================================================
DAG File Processing Stats

File Path                             PID    Runtime      # DAGs    # Errors  Last Runtime    Last Run               Last # of DB Queries
------------------------------------  -----  ---------  --------  ----------  --------------  -------------------  ----------------------
/opt/airflow/dags/elt_aml_project.py                           0           1  0.10s           2025-12-06T13:36:15                       5
================================================================================
[2025-12-06T13:36:50.297+0000] {manager.py:1008} INFO - 
================================================================================
DAG File Processing Stats

File Path                             PID    Runtime      # DAGs    # Errors  Last Runtime    Last Run               Last # of DB Queries
------------------------------------  -----  ---------  --------  ----------  --------------  -------------------  ----------------------
/opt/airflow/dags/elt_aml_project.py                           0           1  0.10s           2025-12-06T13:36:45                       5
================================================================================
[2025-12-06T13:37:21.284+0000] {manager.py:1008} INFO - 
================================================================================
DAG File Processing Stats

File Path                             PID    Runtime      # DAGs    # Errors  Last Runtime    Last Run               Last # of DB Queries
------------------------------------  -----  ---------  --------  ----------  --------------  -------------------  ----------------------
/opt/airflow/dags/elt_aml_project.py                           0           1  0.08s           2025-12-06T13:37:16                       5
================================================================================
[2025-12-06T13:37:52.148+0000] {manager.py:1008} INFO - 
================================================================================
DAG File Processing Stats

File Path                             PID    Runtime      # DAGs    # Errors  Last Runtime    Last Run               Last # of DB Queries
------------------------------------  -----  ---------  --------  ----------  --------------  -------------------  ----------------------
/opt/airflow/dags/elt_aml_project.py                           0           1  0.16s           2025-12-06T13:37:47                       5
================================================================================
[2025-12-06T13:38:23.457+0000] {manager.py:1008} INFO - 
================================================================================
DAG File Processing Stats

File Path                             PID    Runtime      # DAGs    # Errors  Last Runtime    Last Run               Last # of DB Queries
------------------------------------  -----  ---------  --------  ----------  --------------  -------------------  ----------------------
/opt/airflow/dags/elt_aml_project.py                           0           1  0.12s           2025-12-06T13:38:17                       5
================================================================================
[2025-12-06T13:38:54.702+0000] {manager.py:1008} INFO - 
================================================================================
DAG File Processing Stats

File Path                             PID    Runtime      # DAGs    # Errors  Last Runtime    Last Run               Last # of DB Queries
------------------------------------  -----  ---------  --------  ----------  --------------  -------------------  ----------------------
/opt/airflow/dags/elt_aml_project.py                           0           1  0.11s           2025-12-06T13:38:47                       5
================================================================================
[2025-12-06T13:39:12.546+0000] {manager.py:832} INFO - Searching for files in /opt/airflow/dags
[2025-12-06T13:39:12.568+0000] {manager.py:835} INFO - There are 1 files in /opt/airflow/dags
[2025-12-06T13:39:27.698+0000] {manager.py:1008} INFO - 
================================================================================
DAG File Processing Stats

File Path                             PID    Runtime      # DAGs    # Errors  Last Runtime    Last Run               Last # of DB Queries
------------------------------------  -----  ---------  --------  ----------  --------------  -------------------  ----------------------
/opt/airflow/dags/elt_aml_project.py                           0           1  0.08s           2025-12-06T13:39:18                       5
================================================================================
[2025-12-06T13:39:58.492+0000] {manager.py:1008} INFO - 
================================================================================
DAG File Processing Stats

File Path                             PID    Runtime      # DAGs    # Errors  Last Runtime    Last Run               Last # of DB Queries
------------------------------------  -----  ---------  --------  ----------  --------------  -------------------  ----------------------
/opt/airflow/dags/elt_aml_project.py                           0           1  0.09s           2025-12-06T13:39:49                       5
================================================================================
[2025-12-06T13:40:29.814+0000] {manager.py:1008} INFO - 
================================================================================
DAG File Processing Stats

File Path                             PID    Runtime      # DAGs    # Errors  Last Runtime    Last Run               Last # of DB Queries
------------------------------------  -----  ---------  --------  ----------  --------------  -------------------  ----------------------
/opt/airflow/dags/elt_aml_project.py                           0           1  0.13s           2025-12-06T13:40:19                       5
================================================================================
[2025-12-06T13:41:01.099+0000] {manager.py:1008} INFO - 
================================================================================
DAG File Processing Stats

File Path                             PID    Runtime      # DAGs    # Errors  Last Runtime    Last Run               Last # of DB Queries
------------------------------------  -----  ---------  --------  ----------  --------------  -------------------  ----------------------
/opt/airflow/dags/elt_aml_project.py                           0           1  0.12s           2025-12-06T13:40:50                       5
================================================================================
[2025-12-06T13:41:31.975+0000] {manager.py:1008} INFO - 
================================================================================
DAG File Processing Stats

File Path                             PID    Runtime      # DAGs    # Errors  Last Runtime    Last Run               Last # of DB Queries
------------------------------------  -----  ---------  --------  ----------  --------------  -------------------  ----------------------
/opt/airflow/dags/elt_aml_project.py                           0           1  0.09s           2025-12-06T13:41:20                       5
================================================================================
[2025-12-06T13:42:02.674+0000] {manager.py:1008} INFO - 
================================================================================
DAG File Processing Stats

File Path                             PID    Runtime      # DAGs    # Errors  Last Runtime    Last Run               Last # of DB Queries
------------------------------------  -----  ---------  --------  ----------  --------------  -------------------  ----------------------
/opt/airflow/dags/elt_aml_project.py                           0           1  0.09s           2025-12-06T13:41:51                       5
================================================================================
[2025-12-06T13:42:33.993+0000] {manager.py:1008} INFO - 
================================================================================
DAG File Processing Stats

File Path                             PID    Runtime      # DAGs    # Errors  Last Runtime    Last Run               Last # of DB Queries
------------------------------------  -----  ---------  --------  ----------  --------------  -------------------  ----------------------
/opt/airflow/dags/elt_aml_project.py                           0           1  0.08s           2025-12-06T13:42:21                       5
================================================================================
[2025-12-06T13:43:05.110+0000] {manager.py:1008} INFO - 
================================================================================
DAG File Processing Stats

File Path                             PID    Runtime      # DAGs    # Errors  Last Runtime    Last Run               Last # of DB Queries
------------------------------------  -----  ---------  --------  ----------  --------------  -------------------  ----------------------
/opt/airflow/dags/elt_aml_project.py                           0           1  0.09s           2025-12-06T13:42:52                       5
================================================================================
[2025-12-06T13:43:38.116+0000] {manager.py:1008} INFO - 
================================================================================
DAG File Processing Stats

File Path                             PID    Runtime      # DAGs    # Errors  Last Runtime    Last Run               Last # of DB Queries
------------------------------------  -----  ---------  --------  ----------  --------------  -------------------  ----------------------
/opt/airflow/dags/elt_aml_project.py                           0           1  0.13s           2025-12-06T13:43:23                       5
================================================================================
[2025-12-06T13:44:11.117+0000] {manager.py:1008} INFO - 
================================================================================
DAG File Processing Stats

File Path                             PID    Runtime      # DAGs    # Errors  Last Runtime    Last Run               Last # of DB Queries
------------------------------------  -----  ---------  --------  ----------  --------------  -------------------  ----------------------
/opt/airflow/dags/elt_aml_project.py                           0           1  0.08s           2025-12-06T13:43:54                       5
================================================================================
[2025-12-06T13:44:14.130+0000] {manager.py:832} INFO - Searching for files in /opt/airflow/dags
[2025-12-06T13:44:14.174+0000] {manager.py:835} INFO - There are 1 files in /opt/airflow/dags
[2025-12-06T13:45:17.508+0000] {manager.py:486} INFO - Processing files using up to 2 processes at a time 
[2025-12-06T13:45:17.510+0000] {manager.py:487} INFO - Process each file at most once every 30 seconds
[2025-12-06T13:45:17.510+0000] {manager.py:488} INFO - Checking for new files in /opt/airflow/dags every 300 seconds
[2025-12-06T13:45:17.511+0000] {manager.py:832} INFO - Searching for files in /opt/airflow/dags
[2025-12-06T13:45:17.920+0000] {manager.py:835} INFO - There are 1 files in /opt/airflow/dags
[2025-12-06T13:45:18.312+0000] {manager.py:1008} INFO - 
================================================================================
DAG File Processing Stats

File Path                               PID  Runtime      # DAGs    # Errors  Last Runtime    Last Run      Last # of DB Queries
------------------------------------  -----  ---------  --------  ----------  --------------  ----------  ----------------------
/opt/airflow/dags/elt_aml_project.py     83  0.16s             0           0                                                   0
================================================================================
[2025-12-06T13:45:49.753+0000] {manager.py:1008} INFO - 
================================================================================
DAG File Processing Stats

File Path                             PID    Runtime      # DAGs    # Errors  Last Runtime    Last Run               Last # of DB Queries
------------------------------------  -----  ---------  --------  ----------  --------------  -------------------  ----------------------
/opt/airflow/dags/elt_aml_project.py                           0           1  0.16s           2025-12-06T13:45:48                       5
================================================================================
[2025-12-06T13:46:20.955+0000] {manager.py:1008} INFO - 
================================================================================
DAG File Processing Stats

File Path                             PID    Runtime      # DAGs    # Errors  Last Runtime    Last Run               Last # of DB Queries
------------------------------------  -----  ---------  --------  ----------  --------------  -------------------  ----------------------
/opt/airflow/dags/elt_aml_project.py                           0           1  0.11s           2025-12-06T13:46:19                       5
================================================================================
[2025-12-06T13:46:52.043+0000] {manager.py:1008} INFO - 
================================================================================
DAG File Processing Stats

File Path                             PID    Runtime      # DAGs    # Errors  Last Runtime    Last Run               Last # of DB Queries
------------------------------------  -----  ---------  --------  ----------  --------------  -------------------  ----------------------
/opt/airflow/dags/elt_aml_project.py                           0           1  0.13s           2025-12-06T13:46:50                       5
================================================================================
[2025-12-06T13:47:23.020+0000] {manager.py:1008} INFO - 
================================================================================
DAG File Processing Stats

File Path                             PID    Runtime      # DAGs    # Errors  Last Runtime    Last Run               Last # of DB Queries
------------------------------------  -----  ---------  --------  ----------  --------------  -------------------  ----------------------
/opt/airflow/dags/elt_aml_project.py                           0           1  0.27s           2025-12-06T13:47:21                       5
================================================================================
[2025-12-06T13:47:54.729+0000] {manager.py:1008} INFO - 
================================================================================
DAG File Processing Stats

File Path                             PID    Runtime      # DAGs    # Errors  Last Runtime    Last Run               Last # of DB Queries
------------------------------------  -----  ---------  --------  ----------  --------------  -------------------  ----------------------
/opt/airflow/dags/elt_aml_project.py                           0           1  2.31s           2025-12-06T13:47:53                       5
================================================================================
[2025-12-06T13:48:28.126+0000] {manager.py:1008} INFO - 
================================================================================
DAG File Processing Stats

File Path                             PID    Runtime      # DAGs    # Errors  Last Runtime    Last Run               Last # of DB Queries
------------------------------------  -----  ---------  --------  ----------  --------------  -------------------  ----------------------
/opt/airflow/dags/elt_aml_project.py                           0           1  2.21s           2025-12-06T13:48:26                       5
================================================================================
[2025-12-06T13:48:59.179+0000] {manager.py:1008} INFO - 
================================================================================
DAG File Processing Stats

File Path                             PID    Runtime      # DAGs    # Errors  Last Runtime    Last Run               Last # of DB Queries
------------------------------------  -----  ---------  --------  ----------  --------------  -------------------  ----------------------
/opt/airflow/dags/elt_aml_project.py                           0           1  0.09s           2025-12-06T13:48:56                       5
================================================================================
[2025-12-06T13:49:30.068+0000] {manager.py:1008} INFO - 
================================================================================
DAG File Processing Stats

File Path                             PID    Runtime      # DAGs    # Errors  Last Runtime    Last Run               Last # of DB Queries
------------------------------------  -----  ---------  --------  ----------  --------------  -------------------  ----------------------
/opt/airflow/dags/elt_aml_project.py                           0           1  0.13s           2025-12-06T13:49:27                       5
================================================================================
[2025-12-06T13:50:01.494+0000] {manager.py:1008} INFO - 
================================================================================
DAG File Processing Stats

File Path                             PID    Runtime      # DAGs    # Errors  Last Runtime    Last Run               Last # of DB Queries
------------------------------------  -----  ---------  --------  ----------  --------------  -------------------  ----------------------
/opt/airflow/dags/elt_aml_project.py                           0           1  0.11s           2025-12-06T13:49:57                       5
================================================================================
[2025-12-06T13:50:17.637+0000] {manager.py:832} INFO - Searching for files in /opt/airflow/dags
[2025-12-06T13:50:17.674+0000] {manager.py:835} INFO - There are 1 files in /opt/airflow/dags
[2025-12-06T13:50:32.799+0000] {manager.py:1008} INFO - 
================================================================================
DAG File Processing Stats

File Path                             PID    Runtime      # DAGs    # Errors  Last Runtime    Last Run               Last # of DB Queries
------------------------------------  -----  ---------  --------  ----------  --------------  -------------------  ----------------------
/opt/airflow/dags/elt_aml_project.py                           0           1  2.26s           2025-12-06T13:50:30                       5
================================================================================
[2025-12-06T13:51:06.219+0000] {manager.py:1008} INFO - 
================================================================================
DAG File Processing Stats

File Path                             PID    Runtime      # DAGs    # Errors  Last Runtime    Last Run               Last # of DB Queries
------------------------------------  -----  ---------  --------  ----------  --------------  -------------------  ----------------------
/opt/airflow/dags/elt_aml_project.py                           0           1  0.12s           2025-12-06T13:51:00                       5
================================================================================
[2025-12-06T13:51:37.081+0000] {manager.py:1008} INFO - 
================================================================================
DAG File Processing Stats

File Path                             PID    Runtime      # DAGs    # Errors  Last Runtime    Last Run               Last # of DB Queries
------------------------------------  -----  ---------  --------  ----------  --------------  -------------------  ----------------------
/opt/airflow/dags/elt_aml_project.py                           0           1  0.48s           2025-12-06T13:51:31                       5
================================================================================
[2025-12-06T13:52:08.817+0000] {manager.py:1008} INFO - 
================================================================================
DAG File Processing Stats

File Path                             PID    Runtime      # DAGs    # Errors  Last Runtime    Last Run               Last # of DB Queries
------------------------------------  -----  ---------  --------  ----------  --------------  -------------------  ----------------------
/opt/airflow/dags/elt_aml_project.py                           0           1  0.12s           2025-12-06T13:52:01                       5
================================================================================
[2025-12-06T13:52:39.964+0000] {manager.py:1008} INFO - 
================================================================================
DAG File Processing Stats

File Path                             PID    Runtime      # DAGs    # Errors  Last Runtime    Last Run               Last # of DB Queries
------------------------------------  -----  ---------  --------  ----------  --------------  -------------------  ----------------------
/opt/airflow/dags/elt_aml_project.py                           0           1  0.10s           2025-12-06T13:52:31                       5
================================================================================
[2025-12-06T13:53:11.349+0000] {manager.py:1008} INFO - 
================================================================================
DAG File Processing Stats

File Path                             PID    Runtime      # DAGs    # Errors  Last Runtime    Last Run               Last # of DB Queries
------------------------------------  -----  ---------  --------  ----------  --------------  -------------------  ----------------------
/opt/airflow/dags/elt_aml_project.py                           0           1  0.09s           2025-12-06T13:53:02                       5
================================================================================
[2025-12-06T13:53:44.377+0000] {manager.py:1008} INFO - 
================================================================================
DAG File Processing Stats

File Path                             PID    Runtime      # DAGs    # Errors  Last Runtime    Last Run               Last # of DB Queries
------------------------------------  -----  ---------  --------  ----------  --------------  -------------------  ----------------------
/opt/airflow/dags/elt_aml_project.py                           0           1  0.09s           2025-12-06T13:53:35                       5
================================================================================
[2025-12-06T13:54:17.395+0000] {manager.py:1008} INFO - 
================================================================================
DAG File Processing Stats

File Path                             PID    Runtime      # DAGs    # Errors  Last Runtime    Last Run               Last # of DB Queries
------------------------------------  -----  ---------  --------  ----------  --------------  -------------------  ----------------------
/opt/airflow/dags/elt_aml_project.py                           0           1  0.10s           2025-12-06T13:54:08                       5
================================================================================
[2025-12-06T13:54:24.390+0000] {manager.py:468} INFO - Exiting gracefully upon receiving signal 15
[2025-12-06T13:55:56.103+0000] {manager.py:486} INFO - Processing files using up to 2 processes at a time 
[2025-12-06T13:55:56.113+0000] {manager.py:487} INFO - Process each file at most once every 30 seconds
[2025-12-06T13:55:56.114+0000] {manager.py:488} INFO - Checking for new files in /opt/airflow/dags every 300 seconds
[2025-12-06T13:55:56.114+0000] {manager.py:832} INFO - Searching for files in /opt/airflow/dags
[2025-12-06T13:55:56.186+0000] {manager.py:835} INFO - There are 1 files in /opt/airflow/dags
[2025-12-06T13:55:56.479+0000] {manager.py:1008} INFO - 
================================================================================
DAG File Processing Stats

File Path                               PID  Runtime      # DAGs    # Errors  Last Runtime    Last Run      Last # of DB Queries
------------------------------------  -----  ---------  --------  ----------  --------------  ----------  ----------------------
/opt/airflow/dags/elt_aml_project.py     83  0.10s             0           0                                                   0
================================================================================
[2025-12-06T13:56:27.733+0000] {manager.py:1008} INFO - 
================================================================================
DAG File Processing Stats

File Path                               PID  Runtime      # DAGs    # Errors  Last Runtime    Last Run               Last # of DB Queries
------------------------------------  -----  ---------  --------  ----------  --------------  -------------------  ----------------------
/opt/airflow/dags/elt_aml_project.py     90  0.01s             0           1  0.51s           2025-12-06T13:55:56                       5
================================================================================
[2025-12-06T13:56:58.696+0000] {manager.py:1008} INFO - 
================================================================================
DAG File Processing Stats

File Path                               PID  Runtime      # DAGs    # Errors  Last Runtime    Last Run               Last # of DB Queries
------------------------------------  -----  ---------  --------  ----------  --------------  -------------------  ----------------------
/opt/airflow/dags/elt_aml_project.py     97  0.01s             0           1  0.27s           2025-12-06T13:56:27                       5
================================================================================
[2025-12-06T13:57:31.724+0000] {manager.py:1008} INFO - 
================================================================================
DAG File Processing Stats

File Path                             PID    Runtime      # DAGs    # Errors  Last Runtime    Last Run               Last # of DB Queries
------------------------------------  -----  ---------  --------  ----------  --------------  -------------------  ----------------------
/opt/airflow/dags/elt_aml_project.py                           0           1  0.14s           2025-12-06T13:57:29                       5
================================================================================
[2025-12-06T13:58:03.021+0000] {manager.py:1008} INFO - 
================================================================================
DAG File Processing Stats

File Path                             PID    Runtime      # DAGs    # Errors  Last Runtime    Last Run               Last # of DB Queries
------------------------------------  -----  ---------  --------  ----------  --------------  -------------------  ----------------------
/opt/airflow/dags/elt_aml_project.py                           0           1  0.13s           2025-12-06T13:58:00                       5
================================================================================
[2025-12-06T13:58:34.151+0000] {manager.py:1008} INFO - 
================================================================================
DAG File Processing Stats

File Path                             PID    Runtime      # DAGs    # Errors  Last Runtime    Last Run               Last # of DB Queries
------------------------------------  -----  ---------  --------  ----------  --------------  -------------------  ----------------------
/opt/airflow/dags/elt_aml_project.py                           0           1  0.15s           2025-12-06T13:58:30                       5
================================================================================
[2025-12-06T13:59:05.021+0000] {manager.py:1008} INFO - 
================================================================================
DAG File Processing Stats

File Path                             PID    Runtime      # DAGs    # Errors  Last Runtime    Last Run               Last # of DB Queries
------------------------------------  -----  ---------  --------  ----------  --------------  -------------------  ----------------------
/opt/airflow/dags/elt_aml_project.py                           0           1  0.09s           2025-12-06T13:59:01                       5
================================================================================
[2025-12-06T13:59:35.810+0000] {manager.py:1008} INFO - 
================================================================================
DAG File Processing Stats

File Path                             PID    Runtime      # DAGs    # Errors  Last Runtime    Last Run               Last # of DB Queries
------------------------------------  -----  ---------  --------  ----------  --------------  -------------------  ----------------------
/opt/airflow/dags/elt_aml_project.py                           0           1  0.15s           2025-12-06T13:59:31                       5
================================================================================
[2025-12-06T14:00:07.096+0000] {manager.py:1008} INFO - 
================================================================================
DAG File Processing Stats

File Path                             PID    Runtime      # DAGs    # Errors  Last Runtime    Last Run               Last # of DB Queries
------------------------------------  -----  ---------  --------  ----------  --------------  -------------------  ----------------------
/opt/airflow/dags/elt_aml_project.py                           0           1  0.07s           2025-12-06T14:00:02                       5
================================================================================
[2025-12-06T14:00:40.105+0000] {manager.py:1008} INFO - 
================================================================================
DAG File Processing Stats

File Path                             PID    Runtime      # DAGs    # Errors  Last Runtime    Last Run               Last # of DB Queries
------------------------------------  -----  ---------  --------  ----------  --------------  -------------------  ----------------------
/opt/airflow/dags/elt_aml_project.py                           0           1  0.10s           2025-12-06T14:00:33                       5
================================================================================
[2025-12-06T14:00:56.946+0000] {manager.py:832} INFO - Searching for files in /opt/airflow/dags
[2025-12-06T14:00:56.970+0000] {manager.py:835} INFO - There are 1 files in /opt/airflow/dags
[2025-12-06T14:01:13.132+0000] {manager.py:1008} INFO - 
================================================================================
DAG File Processing Stats

File Path                             PID    Runtime      # DAGs    # Errors  Last Runtime    Last Run               Last # of DB Queries
------------------------------------  -----  ---------  --------  ----------  --------------  -------------------  ----------------------
/opt/airflow/dags/elt_aml_project.py                           0           1  0.09s           2025-12-06T14:01:04                       5
================================================================================
[2025-12-06T14:01:44.588+0000] {manager.py:1008} INFO - 
================================================================================
DAG File Processing Stats

File Path                             PID    Runtime      # DAGs    # Errors  Last Runtime    Last Run               Last # of DB Queries
------------------------------------  -----  ---------  --------  ----------  --------------  -------------------  ----------------------
/opt/airflow/dags/elt_aml_project.py                           0           1  0.08s           2025-12-06T14:01:34                       5
================================================================================
[2025-12-06T14:02:01.225+0000] {manager.py:468} INFO - Exiting gracefully upon receiving signal 15
[2025-12-06T14:03:38.620+0000] {manager.py:486} INFO - Processing files using up to 2 processes at a time 
[2025-12-06T14:03:38.643+0000] {manager.py:487} INFO - Process each file at most once every 30 seconds
[2025-12-06T14:03:38.644+0000] {manager.py:488} INFO - Checking for new files in /opt/airflow/dags every 300 seconds
[2025-12-06T14:03:38.644+0000] {manager.py:832} INFO - Searching for files in /opt/airflow/dags
[2025-12-06T14:03:38.704+0000] {manager.py:835} INFO - There are 1 files in /opt/airflow/dags
[2025-12-06T14:03:38.965+0000] {manager.py:1008} INFO - 
================================================================================
DAG File Processing Stats

File Path                               PID  Runtime      # DAGs    # Errors  Last Runtime    Last Run      Last # of DB Queries
------------------------------------  -----  ---------  --------  ----------  --------------  ----------  ----------------------
/opt/airflow/dags/elt_aml_project.py     83  0.07s             0           0                                                   0
================================================================================
[2025-12-06T14:04:10.154+0000] {manager.py:1008} INFO - 
================================================================================
DAG File Processing Stats

File Path                               PID  Runtime      # DAGs    # Errors  Last Runtime    Last Run               Last # of DB Queries
------------------------------------  -----  ---------  --------  ----------  --------------  -------------------  ----------------------
/opt/airflow/dags/elt_aml_project.py     90  0.57s             0           1  0.21s           2025-12-06T14:03:39                       5
================================================================================
[2025-12-06T14:04:41.149+0000] {manager.py:1008} INFO - 
================================================================================
DAG File Processing Stats

File Path                               PID  Runtime      # DAGs    # Errors  Last Runtime    Last Run               Last # of DB Queries
------------------------------------  -----  ---------  --------  ----------  --------------  -------------------  ----------------------
/opt/airflow/dags/elt_aml_project.py     97  0.01s             0           1  0.78s           2025-12-06T14:04:10                       5
================================================================================
[2025-12-06T14:05:11.969+0000] {manager.py:1008} INFO - 
================================================================================
DAG File Processing Stats

File Path                               PID  Runtime      # DAGs    # Errors  Last Runtime    Last Run               Last # of DB Queries
------------------------------------  -----  ---------  --------  ----------  --------------  -------------------  ----------------------
/opt/airflow/dags/elt_aml_project.py    104  0.00s             0           1  0.09s           2025-12-06T14:04:41                       5
================================================================================
[2025-12-06T14:05:45.114+0000] {manager.py:1008} INFO - 
================================================================================
DAG File Processing Stats

File Path                             PID    Runtime      # DAGs    # Errors  Last Runtime    Last Run               Last # of DB Queries
------------------------------------  -----  ---------  --------  ----------  --------------  -------------------  ----------------------
/opt/airflow/dags/elt_aml_project.py                           0           1  0.08s           2025-12-06T14:05:42                       5
================================================================================
[2025-12-06T14:06:18.173+0000] {manager.py:1008} INFO - 
================================================================================
DAG File Processing Stats

File Path                             PID    Runtime      # DAGs    # Errors  Last Runtime    Last Run               Last # of DB Queries
------------------------------------  -----  ---------  --------  ----------  --------------  -------------------  ----------------------
/opt/airflow/dags/elt_aml_project.py                           0           1  0.14s           2025-12-06T14:06:13                       5
================================================================================
[2025-12-06T14:06:49.159+0000] {manager.py:1008} INFO - 
================================================================================
DAG File Processing Stats

File Path                             PID    Runtime      # DAGs    # Errors  Last Runtime    Last Run               Last # of DB Queries
------------------------------------  -----  ---------  --------  ----------  --------------  -------------------  ----------------------
/opt/airflow/dags/elt_aml_project.py                           0           1  0.09s           2025-12-06T14:06:44                       5
================================================================================
[2025-12-06T14:07:19.993+0000] {manager.py:1008} INFO - 
================================================================================
DAG File Processing Stats

File Path                             PID    Runtime      # DAGs    # Errors  Last Runtime    Last Run               Last # of DB Queries
------------------------------------  -----  ---------  --------  ----------  --------------  -------------------  ----------------------
/opt/airflow/dags/elt_aml_project.py                           0           1  0.08s           2025-12-06T14:07:14                       5
================================================================================
[2025-12-06T14:07:51.334+0000] {manager.py:1008} INFO - 
================================================================================
DAG File Processing Stats

File Path                             PID    Runtime      # DAGs    # Errors  Last Runtime    Last Run               Last # of DB Queries
------------------------------------  -----  ---------  --------  ----------  --------------  -------------------  ----------------------
/opt/airflow/dags/elt_aml_project.py                           0           1  0.09s           2025-12-06T14:07:45                       5
================================================================================
[2025-12-06T14:08:22.779+0000] {manager.py:1008} INFO - 
================================================================================
DAG File Processing Stats

File Path                             PID    Runtime      # DAGs    # Errors  Last Runtime    Last Run               Last # of DB Queries
------------------------------------  -----  ---------  --------  ----------  --------------  -------------------  ----------------------
/opt/airflow/dags/elt_aml_project.py                           0           1  0.18s           2025-12-06T14:08:15                       5
================================================================================
[2025-12-06T14:08:38.900+0000] {manager.py:832} INFO - Searching for files in /opt/airflow/dags
[2025-12-06T14:08:38.918+0000] {manager.py:835} INFO - There are 1 files in /opt/airflow/dags
[2025-12-06T14:08:53.888+0000] {manager.py:1008} INFO - 
================================================================================
DAG File Processing Stats

File Path                             PID    Runtime      # DAGs    # Errors  Last Runtime    Last Run               Last # of DB Queries
------------------------------------  -----  ---------  --------  ----------  --------------  -------------------  ----------------------
/opt/airflow/dags/elt_aml_project.py                           0           1  0.10s           2025-12-06T14:08:45                       5
================================================================================
[2025-12-06T14:09:24.763+0000] {manager.py:1008} INFO - 
================================================================================
DAG File Processing Stats

File Path                             PID    Runtime      # DAGs    # Errors  Last Runtime    Last Run               Last # of DB Queries
------------------------------------  -----  ---------  --------  ----------  --------------  -------------------  ----------------------
/opt/airflow/dags/elt_aml_project.py                           1           0  1.65s           2025-12-06T14:09:17                      43
================================================================================
[2025-12-06T14:09:58.033+0000] {manager.py:1008} INFO - 
================================================================================
DAG File Processing Stats

File Path                             PID    Runtime      # DAGs    # Errors  Last Runtime    Last Run               Last # of DB Queries
------------------------------------  -----  ---------  --------  ----------  --------------  -------------------  ----------------------
/opt/airflow/dags/elt_aml_project.py                           1           0  2.15s           2025-12-06T14:09:49                      10
================================================================================
[2025-12-06T14:10:29.181+0000] {manager.py:1008} INFO - 
================================================================================
DAG File Processing Stats

File Path                             PID    Runtime      # DAGs    # Errors  Last Runtime    Last Run               Last # of DB Queries
------------------------------------  -----  ---------  --------  ----------  --------------  -------------------  ----------------------
/opt/airflow/dags/elt_aml_project.py                           1           0  0.21s           2025-12-06T14:10:20                      10
================================================================================
[2025-12-06T14:10:31.485+0000] {manager.py:468} INFO - Exiting gracefully upon receiving signal 15
[2025-12-06T14:12:32.820+0000] {manager.py:486} INFO - Processing files using up to 2 processes at a time 
[2025-12-06T14:12:33.439+0000] {manager.py:487} INFO - Process each file at most once every 30 seconds
[2025-12-06T14:12:33.442+0000] {manager.py:488} INFO - Checking for new files in /opt/airflow/dags every 300 seconds
[2025-12-06T14:12:33.443+0000] {manager.py:832} INFO - Searching for files in /opt/airflow/dags
[2025-12-06T14:12:33.527+0000] {manager.py:835} INFO - There are 1 files in /opt/airflow/dags
[2025-12-06T14:12:33.658+0000] {manager.py:1008} INFO - 
================================================================================
DAG File Processing Stats

File Path                               PID  Runtime      # DAGs    # Errors  Last Runtime    Last Run      Last # of DB Queries
------------------------------------  -----  ---------  --------  ----------  --------------  ----------  ----------------------
/opt/airflow/dags/elt_aml_project.py     90  0.04s             0           0                                                   0
================================================================================
[2025-12-06T14:13:07.237+0000] {manager.py:1008} INFO - 
================================================================================
DAG File Processing Stats

File Path                               PID  Runtime      # DAGs    # Errors  Last Runtime    Last Run               Last # of DB Queries
------------------------------------  -----  ---------  --------  ----------  --------------  -------------------  ----------------------
/opt/airflow/dags/elt_aml_project.py    104  2.17s             1           0  1.17s           2025-12-06T14:12:34                      43
================================================================================
[2025-12-06T14:13:38.851+0000] {manager.py:1008} INFO - 
================================================================================
DAG File Processing Stats

File Path                             PID    Runtime      # DAGs    # Errors  Last Runtime    Last Run               Last # of DB Queries
------------------------------------  -----  ---------  --------  ----------  --------------  -------------------  ----------------------
/opt/airflow/dags/elt_aml_project.py                           1           0  4.19s           2025-12-06T14:13:09                      10
================================================================================
[2025-12-06T14:14:10.148+0000] {manager.py:1008} INFO - 
================================================================================
DAG File Processing Stats

File Path                             PID    Runtime      # DAGs    # Errors  Last Runtime    Last Run               Last # of DB Queries
------------------------------------  -----  ---------  --------  ----------  --------------  -------------------  ----------------------
/opt/airflow/dags/elt_aml_project.py                           1           0  0.97s           2025-12-06T14:13:40                      10
================================================================================
[2025-12-06T14:14:43.101+0000] {manager.py:1008} INFO - 
================================================================================
DAG File Processing Stats

File Path                               PID  Runtime      # DAGs    # Errors  Last Runtime    Last Run               Last # of DB Queries
------------------------------------  -----  ---------  --------  ----------  --------------  -------------------  ----------------------
/opt/airflow/dags/elt_aml_project.py    146  1.02s             1           0  0.58s           2025-12-06T14:14:11                      10
================================================================================
[2025-12-06T14:15:15.849+0000] {manager.py:1008} INFO - 
================================================================================
DAG File Processing Stats

File Path                               PID  Runtime      # DAGs    # Errors  Last Runtime    Last Run               Last # of DB Queries
------------------------------------  -----  ---------  --------  ----------  --------------  -------------------  ----------------------
/opt/airflow/dags/elt_aml_project.py    160  2.13s             1           0  1.32s           2025-12-06T14:14:43                      10
================================================================================
[2025-12-06T14:15:47.184+0000] {manager.py:1008} INFO - 
================================================================================
DAG File Processing Stats

File Path                             PID    Runtime      # DAGs    # Errors  Last Runtime    Last Run               Last # of DB Queries
------------------------------------  -----  ---------  --------  ----------  --------------  -------------------  ----------------------
/opt/airflow/dags/elt_aml_project.py                           1           0  3.97s           2025-12-06T14:15:17                      10
================================================================================
[2025-12-06T14:16:18.285+0000] {manager.py:1008} INFO - 
================================================================================
DAG File Processing Stats

File Path                             PID    Runtime      # DAGs    # Errors  Last Runtime    Last Run               Last # of DB Queries
------------------------------------  -----  ---------  --------  ----------  --------------  -------------------  ----------------------
/opt/airflow/dags/elt_aml_project.py                           1           0  0.48s           2025-12-06T14:15:48                      10
================================================================================
[2025-12-06T14:16:49.760+0000] {manager.py:1008} INFO - 
================================================================================
DAG File Processing Stats

File Path                               PID  Runtime      # DAGs    # Errors  Last Runtime    Last Run               Last # of DB Queries
------------------------------------  -----  ---------  --------  ----------  --------------  -------------------  ----------------------
/opt/airflow/dags/elt_aml_project.py    202  0.01s             1           0  0.63s           2025-12-06T14:16:19                      10
================================================================================
[2025-12-06T14:17:22.859+0000] {manager.py:1008} INFO - 
================================================================================
DAG File Processing Stats

File Path                             PID    Runtime      # DAGs    # Errors  Last Runtime    Last Run               Last # of DB Queries
------------------------------------  -----  ---------  --------  ----------  --------------  -------------------  ----------------------
/opt/airflow/dags/elt_aml_project.py                           1           0  0.47s           2025-12-06T14:17:21                      10
================================================================================
